# JRE version: OpenJDK Runtime Environment (8.0_202-b03) (build 1.8.0_202-release-1483-b03)
# Java VM: OpenJDK 64-Bit Server VM (25.202-b03 mixed mode windows-amd64 compressed oops)
Heap:
 PSYoungGen      total 210944K, used 45123K [0x00000000e0000000, 0x00000000eeb80000, 0x0000000100000000)
  eden space 182784K, 24% used [0x00000000e0000000,0x00000000e2c10e18,0x00000000eb280000)
  from space 28160K, 0% used [0x00000000eb280000,0x00000000eb280000,0x00000000ece00000)
  to   space 27648K, 0% used [0x00000000ed080000,0x00000000ed080000,0x00000000eeb80000)
 ParOldGen       total 200704K, used 63049K [0x00000000a0000000, 0x00000000ac400000, 0x00000000e0000000)
  object space 200704K, 31% used [0x00000000a0000000,0x00000000a3d925a8,0x00000000ac400000)
 Metaspace       used 94615K, capacity 98414K, committed 98892K, reserved 1134592K
  class space    used 12306K, capacity 13070K, committed 13184K, reserved 1048576K
GC Heap History (10 events):
Event: 5219.591 GC heap before
{Heap before GC invocations=17 (full 3):
 PSYoungGen      total 197120K, used 194375K [0x00000000e0000000, 0x00000000efd00000, 0x0000000100000000)
  eden space 178176K, 100% used [0x00000000e0000000,0x00000000eae00000,0x00000000eae00000)
  from space 18944K, 85% used [0x00000000eae00000,0x00000000ebdd1f90,0x00000000ec080000)
  to   space 20480K, 0% used [0x00000000ee900000,0x00000000ee900000,0x00000000efd00000)
 ParOldGen       total 135168K, used 36525K [0x00000000a0000000, 0x00000000a8400000, 0x00000000e0000000)
  object space 135168K, 27% used [0x00000000a0000000,0x00000000a23ab790,0x00000000a8400000)
 Metaspace       used 73876K, capacity 76588K, committed 76760K, reserved 1116160K
  class space    used 9586K, capacity 10211K, committed 10240K, reserved 1048576K
Event: 5219.797 GC heap after
Heap after GC invocations=17 (full 3):
 PSYoungGen      total 193024K, used 20457K [0x00000000e0000000, 0x00000000efd00000, 0x0000000100000000)
  eden space 172544K, 0% used [0x00000000e0000000,0x00000000e0000000,0x00000000ea880000)
  from space 20480K, 99% used [0x00000000ee900000,0x00000000efcfa710,0x00000000efd00000)
  to   space 26112K, 0% used [0x00000000eca00000,0x00000000eca00000,0x00000000ee380000)
 ParOldGen       total 135168K, used 43486K [0x00000000a0000000, 0x00000000a8400000, 0x00000000e0000000)
  object space 135168K, 32% used [0x00000000a0000000,0x00000000a2a77bc8,0x00000000a8400000)
 Metaspace       used 73876K, capacity 76588K, committed 76760K, reserved 1116160K
  class space    used 9586K, capacity 10211K, committed 10240K, reserved 1048576K
}
Event: 5228.723 GC heap before
{Heap before GC invocations=18 (full 3):
 PSYoungGen      total 193024K, used 193001K [0x00000000e0000000, 0x00000000efd00000, 0x0000000100000000)
  eden space 172544K, 100% used [0x00000000e0000000,0x00000000ea880000,0x00000000ea880000)
  from space 20480K, 99% used [0x00000000ee900000,0x00000000efcfa710,0x00000000efd00000)
  to   space 26112K, 0% used [0x00000000eca00000,0x00000000eca00000,0x00000000ee380000)
 ParOldGen       total 135168K, used 43486K [0x00000000a0000000, 0x00000000a8400000, 0x00000000e0000000)
  object space 135168K, 32% used [0x00000000a0000000,0x00000000a2a77bc8,0x00000000a8400000)
 Metaspace       used 86479K, capacity 89970K, committed 90072K, reserved 1128448K
  class space    used 11208K, capacity 11963K, committed 12032K, reserved 1048576K
Event: 5228.841 GC heap after
Heap after GC invocations=18 (full 3):
 PSYoungGen      total 184832K, used 17452K [0x00000000e0000000, 0x00000000ee980000, 0x0000000100000000)
  eden space 166912K, 0% used [0x00000000e0000000,0x00000000e0000000,0x00000000ea300000)
  from space 17920K, 97% used [0x00000000eca00000,0x00000000edb0b138,0x00000000edb80000)
  to   space 14336K, 0% used [0x00000000edb80000,0x00000000edb80000,0x00000000ee980000)
 ParOldGen       total 135168K, used 61115K [0x00000000a0000000, 0x00000000a8400000, 0x00000000e0000000)
  object space 135168K, 45% used [0x00000000a0000000,0x00000000a3baec20,0x00000000a8400000)
 Metaspace       used 86479K, capacity 89970K, committed 90072K, reserved 1128448K
  class space    used 11208K, capacity 11963K, committed 12032K, reserved 1048576K
}
Event: 5235.330 GC heap before
{Heap before GC invocations=19 (full 3):
 PSYoungGen      total 184832K, used 184364K [0x00000000e0000000, 0x00000000ee980000, 0x0000000100000000)
  eden space 166912K, 100% used [0x00000000e0000000,0x00000000ea300000,0x00000000ea300000)
  from space 17920K, 97% used [0x00000000eca00000,0x00000000edb0b138,0x00000000edb80000)
  to   space 14336K, 0% used [0x00000000edb80000,0x00000000edb80000,0x00000000ee980000)
 ParOldGen       total 135168K, used 61115K [0x00000000a0000000, 0x00000000a8400000, 0x00000000e0000000)
  object space 135168K, 45% used [0x00000000a0000000,0x00000000a3baec20,0x00000000a8400000)
 Metaspace       used 90701K, capacity 94474K, committed 94552K, reserved 1130496K
  class space    used 11813K, capacity 12634K, committed 12672K, reserved 1048576K
Event: 5235.357 GC heap after
Heap after GC invocations=19 (full 3):
 PSYoungGen      total 176128K, used 14324K [0x00000000e0000000, 0x00000000ee980000, 0x0000000100000000)
  eden space 161792K, 0% used [0x00000000e0000000,0x00000000e0000000,0x00000000e9e00000)
  from space 14336K, 99% used [0x00000000edb80000,0x00000000ee97d050,0x00000000ee980000)
  to   space 28160K, 0% used [0x00000000eb280000,0x00000000eb280000,0x00000000ece00000)
 ParOldGen       total 135168K, used 66691K [0x00000000a0000000, 0x00000000a8400000, 0x00000000e0000000)
  object space 135168K, 49% used [0x00000000a0000000,0x00000000a4120ce8,0x00000000a8400000)
 Metaspace       used 90701K, capacity 94474K, committed 94552K, reserved 1130496K
  class space    used 11813K, capacity 12634K, committed 12672K, reserved 1048576K
}
Event: 5239.126 GC heap before
{Heap before GC invocations=20 (full 3):
 PSYoungGen      total 176128K, used 115672K [0x00000000e0000000, 0x00000000ee980000, 0x0000000100000000)
  eden space 161792K, 62% used [0x00000000e0000000,0x00000000e62f92b8,0x00000000e9e00000)
  from space 14336K, 99% used [0x00000000edb80000,0x00000000ee97d050,0x00000000ee980000)
  to   space 28160K, 0% used [0x00000000eb280000,0x00000000eb280000,0x00000000ece00000)
 ParOldGen       total 135168K, used 66691K [0x00000000a0000000, 0x00000000a8400000, 0x00000000e0000000)
  object space 135168K, 49% used [0x00000000a0000000,0x00000000a4120ce8,0x00000000a8400000)
 Metaspace       used 94223K, capacity 98288K, committed 98380K, reserved 1134592K
  class space    used 12282K, capacity 13109K, committed 13184K, reserved 1048576K
Event: 5239.189 GC heap after
Heap after GC invocations=20 (full 3):
 PSYoungGen      total 210944K, used 9071K [0x00000000e0000000, 0x00000000eeb80000, 0x0000000100000000)
  eden space 182784K, 0% used [0x00000000e0000000,0x00000000e0000000,0x00000000eb280000)
  from space 28160K, 32% used [0x00000000eb280000,0x00000000ebb5bd28,0x00000000ece00000)
  to   space 27648K, 0% used [0x00000000ed080000,0x00000000ed080000,0x00000000eeb80000)
 ParOldGen       total 135168K, used 81079K [0x00000000a0000000, 0x00000000a8400000, 0x00000000e0000000)
  object space 135168K, 59% used [0x00000000a0000000,0x00000000a4f2df48,0x00000000a8400000)
 Metaspace       used 94223K, capacity 98288K, committed 98380K, reserved 1134592K
  class space    used 12282K, capacity 13109K, committed 13184K, reserved 1048576K
}
Event: 5239.189 GC heap before
{Heap before GC invocations=21 (full 4):
 PSYoungGen      total 210944K, used 9071K [0x00000000e0000000, 0x00000000eeb80000, 0x0000000100000000)
  eden space 182784K, 0% used [0x00000000e0000000,0x00000000e0000000,0x00000000eb280000)
  from space 28160K, 32% used [0x00000000eb280000,0x00000000ebb5bd28,0x00000000ece00000)
  to   space 27648K, 0% used [0x00000000ed080000,0x00000000ed080000,0x00000000eeb80000)
 ParOldGen       total 135168K, used 81079K [0x00000000a0000000, 0x00000000a8400000, 0x00000000e0000000)
  object space 135168K, 59% used [0x00000000a0000000,0x00000000a4f2df48,0x00000000a8400000)
 Metaspace       used 94223K, capacity 98288K, committed 98380K, reserved 1134592K
  class space    used 12282K, capacity 13109K, committed 13184K, reserved 1048576K
Event: 5240.695 GC heap after
Heap after GC invocations=21 (full 4):
 PSYoungGen      total 210944K, used 0K [0x00000000e0000000, 0x00000000eeb80000, 0x0000000100000000)
  eden space 182784K, 0% used [0x00000000e0000000,0x00000000e0000000,0x00000000eb280000)
  from space 28160K, 0% used [0x00000000eb280000,0x00000000eb280000,0x00000000ece00000)
  to   space 27648K, 0% used [0x00000000ed080000,0x00000000ed080000,0x00000000eeb80000)
 ParOldGen       total 200704K, used 63049K [0x00000000a0000000, 0x00000000ac400000, 0x00000000e0000000)
  object space 200704K, 31% used [0x00000000a0000000,0x00000000a3d925a8,0x00000000ac400000)
 Metaspace       used 93849K, capacity 97520K, committed 98380K, reserved 1134592K
  class space    used 12193K, capacity 12916K, committed 13184K, reserved 1048576K
}

